<?xml version="1.0" encoding="UTF-8"?>
<testng-results ignored="0" total="1" passed="1" failed="0" skipped="0">
  <reporter-output>
  </reporter-output>
  <suite started-at="2024-10-28T23:04:10 COT" name="Default suite" finished-at="2024-10-28T23:09:36 COT" duration-ms="325694">
    <groups>
    </groups>
    <test started-at="2024-10-28T23:04:10 COT" name="Default test" finished-at="2024-10-28T23:09:36 COT" duration-ms="325694">
      <class name="com.real.state.testclases.MetroCuadradoTests">
        <test-method signature="realStateScraping()[pri:0, instance:com.real.state.testclases.MetroCuadradoTests@68b32e3e]" started-at="2024-10-28T23:04:10 COT" name="realStateScraping" finished-at="2024-10-28T23:09:35 COT" duration-ms="324818" status="PASS">
          <reporter-output>
          </reporter-output>
        </test-method> <!-- realStateScraping -->
        <test-method is-config="true" signature="flushReports()[pri:0, instance:com.real.state.testclases.MetroCuadradoTests@68b32e3e]" started-at="2024-10-28T23:09:35 COT" name="flushReports" finished-at="2024-10-28T23:09:36 COT" duration-ms="842" status="PASS">
          <reporter-output>
          </reporter-output>
        </test-method> <!-- flushReports -->
      </class> <!-- com.real.state.testclases.MetroCuadradoTests -->
    </test> <!-- Default test -->
  </suite> <!-- Default suite -->
</testng-results>
